2021-06-05 12:29:19.989  INFO 30212 --- [main] com.example.demo.SareetaApplication      : Starting SareetaApplication on seznh6096617 with PID 30212 (C:\Users\roraj\Documents\Sample\Udacity\Projects\eCommerceApplication\starter_code\target\classes started by roraj in C:\Users\roraj\Documents\Sample\Udacity\Projects\eCommerceApplication)
2021-06-05 12:29:20.002  INFO 30212 --- [main] com.example.demo.SareetaApplication      : No active profile set, falling back to default profiles: default
2021-06-05 12:29:21.647  INFO 30212 --- [main] .s.d.r.c.RepositoryConfigurationDelegate : Bootstrapping Spring Data repositories in DEFAULT mode.
2021-06-05 12:29:21.836  INFO 30212 --- [main] .s.d.r.c.RepositoryConfigurationDelegate : Finished Spring Data repository scanning in 161ms. Found 4 repository interfaces.
2021-06-05 12:29:23.090  INFO 30212 --- [main] trationDelegate$BeanPostProcessorChecker : Bean 'org.springframework.transaction.annotation.ProxyTransactionManagementConfiguration' of type [org.springframework.transaction.annotation.ProxyTransactionManagementConfiguration$$EnhancerBySpringCGLIB$$8fee97f6] is not eligible for getting processed by all BeanPostProcessors (for example: not eligible for auto-proxying)
2021-06-05 12:29:23.205 ERROR 30212 --- [main] o.a.catalina.core.AprLifecycleListener   : An incompatible version [1.2.12] of the APR based Apache Tomcat Native library is installed, while Tomcat requires version [1.2.14]
2021-06-05 12:29:23.521 ERROR 30212 --- [main] o.a.catalina.core.AprLifecycleListener   : An incompatible version [1.2.12] of the APR based Apache Tomcat Native library is installed, while Tomcat requires version [1.2.14]
2021-06-05 12:29:23.656  INFO 30212 --- [main] o.s.b.w.embedded.tomcat.TomcatWebServer  : Tomcat initialized with port(s): 8081 (http)
2021-06-05 12:29:23.680 ERROR 30212 --- [main] o.a.catalina.core.AprLifecycleListener   : An incompatible version [1.2.12] of the APR based Apache Tomcat Native library is installed, while Tomcat requires version [1.2.14]
2021-06-05 12:29:23.695  INFO 30212 --- [main] o.apache.catalina.core.StandardService   : Starting service [Tomcat]
2021-06-05 12:29:23.695  INFO 30212 --- [main] org.apache.catalina.core.StandardEngine  : Starting Servlet engine: [Apache Tomcat/9.0.19]
2021-06-05 12:29:23.883  INFO 30212 --- [main] o.a.c.c.C.[Tomcat].[localhost].[/]       : Initializing Spring embedded WebApplicationContext
2021-06-05 12:29:23.884  INFO 30212 --- [main] o.s.web.context.ContextLoader            : Root WebApplicationContext: initialization completed in 3723 ms
2021-06-05 12:29:24.170  INFO 30212 --- [main] com.zaxxer.hikari.HikariDataSource       : HikariPool-1 - Starting...
2021-06-05 12:29:24.364  INFO 30212 --- [main] com.zaxxer.hikari.HikariDataSource       : HikariPool-1 - Start completed.
2021-06-05 12:29:24.546  INFO 30212 --- [main] o.hibernate.jpa.internal.util.LogHelper  : HHH000204: Processing PersistenceUnitInfo [
	name: default
	...]
2021-06-05 12:29:24.664  INFO 30212 --- [main] org.hibernate.Version                    : HHH000412: Hibernate Core {5.3.10.Final}
2021-06-05 12:29:24.667  INFO 30212 --- [main] org.hibernate.cfg.Environment            : HHH000206: hibernate.properties not found
2021-06-05 12:29:24.883  INFO 30212 --- [main] o.hibernate.annotations.common.Version   : HCANN000001: Hibernate Commons Annotations {5.0.4.Final}
2021-06-05 12:29:25.141  INFO 30212 --- [main] org.hibernate.dialect.Dialect            : HHH000400: Using dialect: org.hibernate.dialect.H2Dialect
2021-06-05 12:29:26.562  INFO 30212 --- [main] j.LocalContainerEntityManagerFactoryBean : Initialized JPA EntityManagerFactory for persistence unit 'default'
2021-06-05 12:29:27.900  WARN 30212 --- [main] aWebConfiguration$JpaWebMvcConfiguration : spring.jpa.open-in-view is enabled by default. Therefore, database queries may be performed during view rendering. Explicitly configure spring.jpa.open-in-view to disable this warning
2021-06-05 12:29:28.052  INFO 30212 --- [main] o.s.s.web.DefaultSecurityFilterChain     : Creating filter chain: any request, [org.springframework.security.web.context.request.async.WebAsyncManagerIntegrationFilter@667dd150, org.springframework.security.web.context.SecurityContextPersistenceFilter@287317df, org.springframework.security.web.header.HeaderWriterFilter@1174676f, org.springframework.web.filter.CorsFilter@af04f09, org.springframework.security.web.authentication.logout.LogoutFilter@58068b40, com.example.demo.security.JWTAuthenticationFilter@758d4aa9, com.example.demo.security.JWTAuthenticationVerificationFilter@78e97d4d, org.springframework.security.web.savedrequest.RequestCacheAwareFilter@1987807b, org.springframework.security.web.servletapi.SecurityContextHolderAwareRequestFilter@4ede8888, org.springframework.security.web.authentication.AnonymousAuthenticationFilter@7096d451, org.springframework.security.web.session.SessionManagementFilter@4fd92289, org.springframework.security.web.access.ExceptionTranslationFilter@30b1c5d5, org.springframework.security.web.access.intercept.FilterSecurityInterceptor@6843fdc4]
2021-06-05 12:29:28.266  INFO 30212 --- [main] o.s.s.concurrent.ThreadPoolTaskExecutor  : Initializing ExecutorService 'applicationTaskExecutor'
2021-06-05 12:29:28.733  INFO 30212 --- [main] o.s.b.w.embedded.tomcat.TomcatWebServer  : Tomcat started on port(s): 8081 (http) with context path ''
2021-06-05 12:29:28.736  INFO 30212 --- [main] com.example.demo.SareetaApplication      : Started SareetaApplication in 10.402 seconds (JVM running for 14.358)
2021-06-05 12:31:28.762  INFO 30212 --- [http-nio-8081-exec-2] o.a.c.c.C.[Tomcat].[localhost].[/]       : Initializing Spring DispatcherServlet 'dispatcherServlet'
2021-06-05 12:31:28.763  INFO 30212 --- [http-nio-8081-exec-2] o.s.web.servlet.DispatcherServlet        : Initializing Servlet 'dispatcherServlet'
2021-06-05 12:31:28.774  INFO 30212 --- [http-nio-8081-exec-2] o.s.web.servlet.DispatcherServlet        : Completed initialization in 11 ms
2021-06-05 12:31:29.228  INFO 30212 --- [http-nio-8081-exec-2] c.e.demo.controllers.UserController      : "rohit" created successfully
2021-06-05 12:31:36.136  WARN 30212 --- [http-nio-8081-exec-3] o.h.engine.jdbc.spi.SqlExceptionHelper   : SQL Error: 23505, SQLState: 23505
2021-06-05 12:31:36.137 ERROR 30212 --- [http-nio-8081-exec-3] o.h.engine.jdbc.spi.SqlExceptionHelper   : Unique index or primary key violation: "PUBLIC.UK_SB8BBOUER5WAK8VYIIY4PF2BX_INDEX_2 ON PUBLIC.USER(USERNAME) VALUES 1"; SQL statement:
insert into user (id, cart_id, password, username) values (null, ?, ?, ?) [23505-199]
2021-06-05 12:31:36.166 ERROR 30212 --- [http-nio-8081-exec-3] o.a.c.c.C.[.[.[/].[dispatcherServlet]    : Servlet.service() for servlet [dispatcherServlet] in context with path [] threw exception [Request processing failed; nested exception is org.springframework.dao.DataIntegrityViolationException: could not execute statement; SQL [n/a]; constraint ["PUBLIC.UK_SB8BBOUER5WAK8VYIIY4PF2BX_INDEX_2 ON PUBLIC.USER(USERNAME) VALUES 1"; SQL statement:
insert into user (id, cart_id, password, username) values (null, ?, ?, ?) [23505-199]]; nested exception is org.hibernate.exception.ConstraintViolationException: could not execute statement] with root cause

org.h2.jdbc.JdbcSQLIntegrityConstraintViolationException: Unique index or primary key violation: "PUBLIC.UK_SB8BBOUER5WAK8VYIIY4PF2BX_INDEX_2 ON PUBLIC.USER(USERNAME) VALUES 1"; SQL statement:
insert into user (id, cart_id, password, username) values (null, ?, ?, ?) [23505-199]
	at org.h2.message.DbException.getJdbcSQLException(DbException.java:457) ~[h2-1.4.199.jar:1.4.199]
	at org.h2.message.DbException.getJdbcSQLException(DbException.java:427) ~[h2-1.4.199.jar:1.4.199]
	at org.h2.message.DbException.get(DbException.java:205) ~[h2-1.4.199.jar:1.4.199]
	at org.h2.message.DbException.get(DbException.java:181) ~[h2-1.4.199.jar:1.4.199]
	at org.h2.index.BaseIndex.getDuplicateKeyException(BaseIndex.java:103) ~[h2-1.4.199.jar:1.4.199]
	at org.h2.mvstore.db.MVSecondaryIndex.checkUnique(MVSecondaryIndex.java:220) ~[h2-1.4.199.jar:1.4.199]
	at org.h2.mvstore.db.MVSecondaryIndex.add(MVSecondaryIndex.java:196) ~[h2-1.4.199.jar:1.4.199]
	at org.h2.mvstore.db.MVTable.addRow(MVTable.java:546) ~[h2-1.4.199.jar:1.4.199]
	at org.h2.command.dml.Insert.insertRows(Insert.java:180) ~[h2-1.4.199.jar:1.4.199]
	at org.h2.command.dml.Insert.update(Insert.java:132) ~[h2-1.4.199.jar:1.4.199]
	at org.h2.command.CommandContainer.update(CommandContainer.java:133) ~[h2-1.4.199.jar:1.4.199]
	at org.h2.command.Command.executeUpdate(Command.java:267) ~[h2-1.4.199.jar:1.4.199]
	at org.h2.jdbc.JdbcPreparedStatement.executeUpdateInternal(JdbcPreparedStatement.java:200) ~[h2-1.4.199.jar:1.4.199]
	at org.h2.jdbc.JdbcPreparedStatement.executeUpdate(JdbcPreparedStatement.java:154) ~[h2-1.4.199.jar:1.4.199]
	at com.zaxxer.hikari.pool.ProxyPreparedStatement.executeUpdate(ProxyPreparedStatement.java:61) ~[HikariCP-3.2.0.jar:na]
	at com.zaxxer.hikari.pool.HikariProxyPreparedStatement.executeUpdate(HikariProxyPreparedStatement.java) ~[HikariCP-3.2.0.jar:na]
	at org.hibernate.engine.jdbc.internal.ResultSetReturnImpl.executeUpdate(ResultSetReturnImpl.java:175) ~[hibernate-core-5.3.10.Final.jar:5.3.10.Final]
	at org.hibernate.dialect.identity.GetGeneratedKeysDelegate.executeAndExtract(GetGeneratedKeysDelegate.java:57) ~[hibernate-core-5.3.10.Final.jar:5.3.10.Final]
	at org.hibernate.id.insert.AbstractReturningDelegate.performInsert(AbstractReturningDelegate.java:42) ~[hibernate-core-5.3.10.Final.jar:5.3.10.Final]
	at org.hibernate.persister.entity.AbstractEntityPersister.insert(AbstractEntityPersister.java:3077) ~[hibernate-core-5.3.10.Final.jar:5.3.10.Final]
	at org.hibernate.persister.entity.AbstractEntityPersister.insert(AbstractEntityPersister.java:3667) ~[hibernate-core-5.3.10.Final.jar:5.3.10.Final]
	at org.hibernate.action.internal.EntityIdentityInsertAction.execute(EntityIdentityInsertAction.java:81) ~[hibernate-core-5.3.10.Final.jar:5.3.10.Final]
	at org.hibernate.engine.spi.ActionQueue.execute(ActionQueue.java:645) ~[hibernate-core-5.3.10.Final.jar:5.3.10.Final]
	at org.hibernate.engine.spi.ActionQueue.addResolvedEntityInsertAction(ActionQueue.java:282) ~[hibernate-core-5.3.10.Final.jar:5.3.10.Final]
	at org.hibernate.engine.spi.ActionQueue.addInsertAction(ActionQueue.java:263) ~[hibernate-core-5.3.10.Final.jar:5.3.10.Final]
	at org.hibernate.engine.spi.ActionQueue.addAction(ActionQueue.java:317) ~[hibernate-core-5.3.10.Final.jar:5.3.10.Final]
	at org.hibernate.event.internal.AbstractSaveEventListener.addInsertAction(AbstractSaveEventListener.java:332) ~[hibernate-core-5.3.10.Final.jar:5.3.10.Final]
	at org.hibernate.event.internal.AbstractSaveEventListener.performSaveOrReplicate(AbstractSaveEventListener.java:289) ~[hibernate-core-5.3.10.Final.jar:5.3.10.Final]
	at org.hibernate.event.internal.AbstractSaveEventListener.performSave(AbstractSaveEventListener.java:196) ~[hibernate-core-5.3.10.Final.jar:5.3.10.Final]
	at org.hibernate.event.internal.AbstractSaveEventListener.saveWithGeneratedId(AbstractSaveEventListener.java:127) ~[hibernate-core-5.3.10.Final.jar:5.3.10.Final]
	at org.hibernate.event.internal.DefaultPersistEventListener.entityIsTransient(DefaultPersistEventListener.java:192) ~[hibernate-core-5.3.10.Final.jar:5.3.10.Final]
	at org.hibernate.event.internal.DefaultPersistEventListener.onPersist(DefaultPersistEventListener.java:135) ~[hibernate-core-5.3.10.Final.jar:5.3.10.Final]
	at org.hibernate.event.internal.DefaultPersistEventListener.onPersist(DefaultPersistEventListener.java:62) ~[hibernate-core-5.3.10.Final.jar:5.3.10.Final]
	at org.hibernate.internal.SessionImpl.firePersist(SessionImpl.java:800) ~[hibernate-core-5.3.10.Final.jar:5.3.10.Final]
	at org.hibernate.internal.SessionImpl.persist(SessionImpl.java:785) ~[hibernate-core-5.3.10.Final.jar:5.3.10.Final]
	at sun.reflect.NativeMethodAccessorImpl.invoke0(Native Method) ~[na:1.8.0_271]
	at sun.reflect.NativeMethodAccessorImpl.invoke(NativeMethodAccessorImpl.java:62) ~[na:1.8.0_271]
	at sun.reflect.DelegatingMethodAccessorImpl.invoke(DelegatingMethodAccessorImpl.java:43) ~[na:1.8.0_271]
	at java.lang.reflect.Method.invoke(Method.java:498) ~[na:1.8.0_271]
	at org.springframework.orm.jpa.ExtendedEntityManagerCreator$ExtendedEntityManagerInvocationHandler.invoke(ExtendedEntityManagerCreator.java:350) ~[spring-orm-5.1.7.RELEASE.jar:5.1.7.RELEASE]
	at com.sun.proxy.$Proxy93.persist(Unknown Source) ~[na:na]
	at sun.reflect.NativeMethodAccessorImpl.invoke0(Native Method) ~[na:1.8.0_271]
	at sun.reflect.NativeMethodAccessorImpl.invoke(NativeMethodAccessorImpl.java:62) ~[na:1.8.0_271]
	at sun.reflect.DelegatingMethodAccessorImpl.invoke(DelegatingMethodAccessorImpl.java:43) ~[na:1.8.0_271]
	at java.lang.reflect.Method.invoke(Method.java:498) ~[na:1.8.0_271]
	at org.springframework.orm.jpa.SharedEntityManagerCreator$SharedEntityManagerInvocationHandler.invoke(SharedEntityManagerCreator.java:308) ~[spring-orm-5.1.7.RELEASE.jar:5.1.7.RELEASE]
	at com.sun.proxy.$Proxy93.persist(Unknown Source) ~[na:na]
	at org.springframework.data.jpa.repository.support.SimpleJpaRepository.save(SimpleJpaRepository.java:496) ~[spring-data-jpa-2.1.8.RELEASE.jar:2.1.8.RELEASE]
	at sun.reflect.NativeMethodAccessorImpl.invoke0(Native Method) ~[na:1.8.0_271]
	at sun.reflect.NativeMethodAccessorImpl.invoke(NativeMethodAccessorImpl.java:62) ~[na:1.8.0_271]
	at sun.reflect.DelegatingMethodAccessorImpl.invoke(DelegatingMethodAccessorImpl.java:43) ~[na:1.8.0_271]
	at java.lang.reflect.Method.invoke(Method.java:498) ~[na:1.8.0_271]
	at org.springframework.data.repository.core.support.RepositoryComposition$RepositoryFragments.invoke(RepositoryComposition.java:359) ~[spring-data-commons-2.1.8.RELEASE.jar:2.1.8.RELEASE]
	at org.springframework.data.repository.core.support.RepositoryComposition.invoke(RepositoryComposition.java:200) ~[spring-data-commons-2.1.8.RELEASE.jar:2.1.8.RELEASE]
	at org.springframework.data.repository.core.support.RepositoryFactorySupport$ImplementationMethodExecutionInterceptor.invoke(RepositoryFactorySupport.java:644) ~[spring-data-commons-2.1.8.RELEASE.jar:2.1.8.RELEASE]
	at org.springframework.aop.framework.ReflectiveMethodInvocation.proceed(ReflectiveMethodInvocation.java:186) ~[spring-aop-5.1.7.RELEASE.jar:5.1.7.RELEASE]
	at org.springframework.data.repository.core.support.RepositoryFactorySupport$QueryExecutorMethodInterceptor.doInvoke(RepositoryFactorySupport.java:608) ~[spring-data-commons-2.1.8.RELEASE.jar:2.1.8.RELEASE]
	at org.springframework.data.repository.core.support.RepositoryFactorySupport$QueryExecutorMethodInterceptor.lambda$invoke$3(RepositoryFactorySupport.java:595) ~[spring-data-commons-2.1.8.RELEASE.jar:2.1.8.RELEASE]
	at org.springframework.data.repository.core.support.RepositoryFactorySupport$QueryExecutorMethodInterceptor.invoke(RepositoryFactorySupport.java:595) ~[spring-data-commons-2.1.8.RELEASE.jar:2.1.8.RELEASE]
	at org.springframework.aop.framework.ReflectiveMethodInvocation.proceed(ReflectiveMethodInvocation.java:186) ~[spring-aop-5.1.7.RELEASE.jar:5.1.7.RELEASE]
	at org.springframework.data.projection.DefaultMethodInvokingMethodInterceptor.invoke(DefaultMethodInvokingMethodInterceptor.java:59) ~[spring-data-commons-2.1.8.RELEASE.jar:2.1.8.RELEASE]
	at org.springframework.aop.framework.ReflectiveMethodInvocation.proceed(ReflectiveMethodInvocation.java:186) ~[spring-aop-5.1.7.RELEASE.jar:5.1.7.RELEASE]
	at org.springframework.transaction.interceptor.TransactionAspectSupport.invokeWithinTransaction(TransactionAspectSupport.java:295) ~[spring-tx-5.1.7.RELEASE.jar:5.1.7.RELEASE]
	at org.springframework.transaction.interceptor.TransactionInterceptor.invoke(TransactionInterceptor.java:98) ~[spring-tx-5.1.7.RELEASE.jar:5.1.7.RELEASE]
	at org.springframework.aop.framework.ReflectiveMethodInvocation.proceed(ReflectiveMethodInvocation.java:186) ~[spring-aop-5.1.7.RELEASE.jar:5.1.7.RELEASE]
	at org.springframework.dao.support.PersistenceExceptionTranslationInterceptor.invoke(PersistenceExceptionTranslationInterceptor.java:139) ~[spring-tx-5.1.7.RELEASE.jar:5.1.7.RELEASE]
	at org.springframework.aop.framework.ReflectiveMethodInvocation.proceed(ReflectiveMethodInvocation.java:186) ~[spring-aop-5.1.7.RELEASE.jar:5.1.7.RELEASE]
	at org.springframework.data.jpa.repository.support.CrudMethodMetadataPostProcessor$CrudMethodMetadataPopulatingMethodInterceptor.invoke(CrudMethodMetadataPostProcessor.java:138) ~[spring-data-jpa-2.1.8.RELEASE.jar:2.1.8.RELEASE]
	at org.springframework.aop.framework.ReflectiveMethodInvocation.proceed(ReflectiveMethodInvocation.java:186) ~[spring-aop-5.1.7.RELEASE.jar:5.1.7.RELEASE]
	at org.springframework.aop.interceptor.ExposeInvocationInterceptor.invoke(ExposeInvocationInterceptor.java:93) ~[spring-aop-5.1.7.RELEASE.jar:5.1.7.RELEASE]
	at org.springframework.aop.framework.ReflectiveMethodInvocation.proceed(ReflectiveMethodInvocation.java:186) ~[spring-aop-5.1.7.RELEASE.jar:5.1.7.RELEASE]
	at org.springframework.data.repository.core.support.SurroundingTransactionDetectorMethodInterceptor.invoke(SurroundingTransactionDetectorMethodInterceptor.java:61) ~[spring-data-commons-2.1.8.RELEASE.jar:2.1.8.RELEASE]
	at org.springframework.aop.framework.ReflectiveMethodInvocation.proceed(ReflectiveMethodInvocation.java:186) ~[spring-aop-5.1.7.RELEASE.jar:5.1.7.RELEASE]
	at org.springframework.aop.framework.JdkDynamicAopProxy.invoke(JdkDynamicAopProxy.java:212) ~[spring-aop-5.1.7.RELEASE.jar:5.1.7.RELEASE]
	at com.sun.proxy.$Proxy95.save(Unknown Source) ~[na:na]
	at com.example.demo.controllers.UserController.createUser(UserController.java:64) ~[classes/:na]
	at sun.reflect.NativeMethodAccessorImpl.invoke0(Native Method) ~[na:1.8.0_271]
	at sun.reflect.NativeMethodAccessorImpl.invoke(NativeMethodAccessorImpl.java:62) ~[na:1.8.0_271]
	at sun.reflect.DelegatingMethodAccessorImpl.invoke(DelegatingMethodAccessorImpl.java:43) ~[na:1.8.0_271]
	at java.lang.reflect.Method.invoke(Method.java:498) ~[na:1.8.0_271]
	at org.springframework.web.method.support.InvocableHandlerMethod.doInvoke(InvocableHandlerMethod.java:190) ~[spring-web-5.1.7.RELEASE.jar:5.1.7.RELEASE]
	at org.springframework.web.method.support.InvocableHandlerMethod.invokeForRequest(InvocableHandlerMethod.java:138) ~[spring-web-5.1.7.RELEASE.jar:5.1.7.RELEASE]
	at org.springframework.web.servlet.mvc.method.annotation.ServletInvocableHandlerMethod.invokeAndHandle(ServletInvocableHandlerMethod.java:104) ~[spring-webmvc-5.1.7.RELEASE.jar:5.1.7.RELEASE]
	at org.springframework.web.servlet.mvc.method.annotation.RequestMappingHandlerAdapter.invokeHandlerMethod(RequestMappingHandlerAdapter.java:892) ~[spring-webmvc-5.1.7.RELEASE.jar:5.1.7.RELEASE]
	at org.springframework.web.servlet.mvc.method.annotation.RequestMappingHandlerAdapter.handleInternal(RequestMappingHandlerAdapter.java:797) ~[spring-webmvc-5.1.7.RELEASE.jar:5.1.7.RELEASE]
	at org.springframework.web.servlet.mvc.method.AbstractHandlerMethodAdapter.handle(AbstractHandlerMethodAdapter.java:87) ~[spring-webmvc-5.1.7.RELEASE.jar:5.1.7.RELEASE]
	at org.springframework.web.servlet.DispatcherServlet.doDispatch(DispatcherServlet.java:1039) ~[spring-webmvc-5.1.7.RELEASE.jar:5.1.7.RELEASE]
	at org.springframework.web.servlet.DispatcherServlet.doService(DispatcherServlet.java:942) ~[spring-webmvc-5.1.7.RELEASE.jar:5.1.7.RELEASE]
	at org.springframework.web.servlet.FrameworkServlet.processRequest(FrameworkServlet.java:1005) ~[spring-webmvc-5.1.7.RELEASE.jar:5.1.7.RELEASE]
	at org.springframework.web.servlet.FrameworkServlet.doPost(FrameworkServlet.java:908) ~[spring-webmvc-5.1.7.RELEASE.jar:5.1.7.RELEASE]
	at javax.servlet.http.HttpServlet.service(HttpServlet.java:660) ~[tomcat-embed-core-9.0.19.jar:9.0.19]
	at org.springframework.web.servlet.FrameworkServlet.service(FrameworkServlet.java:882) ~[spring-webmvc-5.1.7.RELEASE.jar:5.1.7.RELEASE]
	at javax.servlet.http.HttpServlet.service(HttpServlet.java:741) ~[tomcat-embed-core-9.0.19.jar:9.0.19]
	at org.apache.catalina.core.ApplicationFilterChain.internalDoFilter(ApplicationFilterChain.java:231) ~[tomcat-embed-core-9.0.19.jar:9.0.19]
	at org.apache.catalina.core.ApplicationFilterChain.doFilter(ApplicationFilterChain.java:166) ~[tomcat-embed-core-9.0.19.jar:9.0.19]
	at org.apache.tomcat.websocket.server.WsFilter.doFilter(WsFilter.java:53) ~[tomcat-embed-websocket-9.0.19.jar:9.0.19]
	at org.apache.catalina.core.ApplicationFilterChain.internalDoFilter(ApplicationFilterChain.java:193) ~[tomcat-embed-core-9.0.19.jar:9.0.19]
	at org.apache.catalina.core.ApplicationFilterChain.doFilter(ApplicationFilterChain.java:166) ~[tomcat-embed-core-9.0.19.jar:9.0.19]
	at com.example.demo.security.JWTAuthenticationVerificationFilter.doFilterInternal(JWTAuthenticationVerificationFilter.java:32) ~[classes/:na]
	at org.springframework.web.filter.OncePerRequestFilter.doFilter(OncePerRequestFilter.java:107) ~[spring-web-5.1.7.RELEASE.jar:5.1.7.RELEASE]
	at org.apache.catalina.core.ApplicationFilterChain.internalDoFilter(ApplicationFilterChain.java:193) ~[tomcat-embed-core-9.0.19.jar:9.0.19]
	at org.apache.catalina.core.ApplicationFilterChain.doFilter(ApplicationFilterChain.java:166) ~[tomcat-embed-core-9.0.19.jar:9.0.19]
	at org.springframework.security.web.FilterChainProxy$VirtualFilterChain.doFilter(FilterChainProxy.java:320) ~[spring-security-web-5.1.5.RELEASE.jar:5.1.5.RELEASE]
	at org.springframework.security.web.access.intercept.FilterSecurityInterceptor.invoke(FilterSecurityInterceptor.java:127) ~[spring-security-web-5.1.5.RELEASE.jar:5.1.5.RELEASE]
	at org.springframework.security.web.access.intercept.FilterSecurityInterceptor.doFilter(FilterSecurityInterceptor.java:91) ~[spring-security-web-5.1.5.RELEASE.jar:5.1.5.RELEASE]
	at org.springframework.security.web.FilterChainProxy$VirtualFilterChain.doFilter(FilterChainProxy.java:334) ~[spring-security-web-5.1.5.RELEASE.jar:5.1.5.RELEASE]
	at org.springframework.security.web.access.ExceptionTranslationFilter.doFilter(ExceptionTranslationFilter.java:119) ~[spring-security-web-5.1.5.RELEASE.jar:5.1.5.RELEASE]
	at org.springframework.security.web.FilterChainProxy$VirtualFilterChain.doFilter(FilterChainProxy.java:334) ~[spring-security-web-5.1.5.RELEASE.jar:5.1.5.RELEASE]
	at org.springframework.security.web.session.SessionManagementFilter.doFilter(SessionManagementFilter.java:137) ~[spring-security-web-5.1.5.RELEASE.jar:5.1.5.RELEASE]
	at org.springframework.security.web.FilterChainProxy$VirtualFilterChain.doFilter(FilterChainProxy.java:334) ~[spring-security-web-5.1.5.RELEASE.jar:5.1.5.RELEASE]
	at org.springframework.security.web.authentication.AnonymousAuthenticationFilter.doFilter(AnonymousAuthenticationFilter.java:111) ~[spring-security-web-5.1.5.RELEASE.jar:5.1.5.RELEASE]
	at org.springframework.security.web.FilterChainProxy$VirtualFilterChain.doFilter(FilterChainProxy.java:334) ~[spring-security-web-5.1.5.RELEASE.jar:5.1.5.RELEASE]
	at org.springframework.security.web.servletapi.SecurityContextHolderAwareRequestFilter.doFilter(SecurityContextHolderAwareRequestFilter.java:170) ~[spring-security-web-5.1.5.RELEASE.jar:5.1.5.RELEASE]
	at org.springframework.security.web.FilterChainProxy$VirtualFilterChain.doFilter(FilterChainProxy.java:334) ~[spring-security-web-5.1.5.RELEASE.jar:5.1.5.RELEASE]
	at org.springframework.security.web.savedrequest.RequestCacheAwareFilter.doFilter(RequestCacheAwareFilter.java:63) ~[spring-security-web-5.1.5.RELEASE.jar:5.1.5.RELEASE]
	at org.springframework.security.web.FilterChainProxy$VirtualFilterChain.doFilter(FilterChainProxy.java:334) ~[spring-security-web-5.1.5.RELEASE.jar:5.1.5.RELEASE]
	at com.example.demo.security.JWTAuthenticationVerificationFilter.doFilterInternal(JWTAuthenticationVerificationFilter.java:32) ~[classes/:na]
	at org.springframework.web.filter.OncePerRequestFilter.doFilter(OncePerRequestFilter.java:107) ~[spring-web-5.1.7.RELEASE.jar:5.1.7.RELEASE]
	at org.springframework.security.web.FilterChainProxy$VirtualFilterChain.doFilter(FilterChainProxy.java:334) ~[spring-security-web-5.1.5.RELEASE.jar:5.1.5.RELEASE]
	at org.springframework.security.web.authentication.AbstractAuthenticationProcessingFilter.doFilter(AbstractAuthenticationProcessingFilter.java:200) ~[spring-security-web-5.1.5.RELEASE.jar:5.1.5.RELEASE]
	at org.springframework.security.web.FilterChainProxy$VirtualFilterChain.doFilter(FilterChainProxy.java:334) ~[spring-security-web-5.1.5.RELEASE.jar:5.1.5.RELEASE]
	at org.springframework.security.web.authentication.logout.LogoutFilter.doFilter(LogoutFilter.java:116) ~[spring-security-web-5.1.5.RELEASE.jar:5.1.5.RELEASE]
	at org.springframework.security.web.FilterChainProxy$VirtualFilterChain.doFilter(FilterChainProxy.java:334) ~[spring-security-web-5.1.5.RELEASE.jar:5.1.5.RELEASE]
	at org.springframework.web.filter.CorsFilter.doFilterInternal(CorsFilter.java:96) ~[spring-web-5.1.7.RELEASE.jar:5.1.7.RELEASE]
	at org.springframework.web.filter.OncePerRequestFilter.doFilter(OncePerRequestFilter.java:107) ~[spring-web-5.1.7.RELEASE.jar:5.1.7.RELEASE]
	at org.springframework.security.web.FilterChainProxy$VirtualFilterChain.doFilter(FilterChainProxy.java:334) ~[spring-security-web-5.1.5.RELEASE.jar:5.1.5.RELEASE]
	at org.springframework.security.web.header.HeaderWriterFilter.doFilterInternal(HeaderWriterFilter.java:74) ~[spring-security-web-5.1.5.RELEASE.jar:5.1.5.RELEASE]
	at org.springframework.web.filter.OncePerRequestFilter.doFilter(OncePerRequestFilter.java:107) ~[spring-web-5.1.7.RELEASE.jar:5.1.7.RELEASE]
	at org.springframework.security.web.FilterChainProxy$VirtualFilterChain.doFilter(FilterChainProxy.java:334) ~[spring-security-web-5.1.5.RELEASE.jar:5.1.5.RELEASE]
	at org.springframework.security.web.context.SecurityContextPersistenceFilter.doFilter(SecurityContextPersistenceFilter.java:105) ~[spring-security-web-5.1.5.RELEASE.jar:5.1.5.RELEASE]
	at org.springframework.security.web.FilterChainProxy$VirtualFilterChain.doFilter(FilterChainProxy.java:334) ~[spring-security-web-5.1.5.RELEASE.jar:5.1.5.RELEASE]
	at org.springframework.security.web.context.request.async.WebAsyncManagerIntegrationFilter.doFilterInternal(WebAsyncManagerIntegrationFilter.java:56) ~[spring-security-web-5.1.5.RELEASE.jar:5.1.5.RELEASE]
	at org.springframework.web.filter.OncePerRequestFilter.doFilter(OncePerRequestFilter.java:107) ~[spring-web-5.1.7.RELEASE.jar:5.1.7.RELEASE]
	at org.springframework.security.web.FilterChainProxy$VirtualFilterChain.doFilter(FilterChainProxy.java:334) ~[spring-security-web-5.1.5.RELEASE.jar:5.1.5.RELEASE]
	at org.springframework.security.web.FilterChainProxy.doFilterInternal(FilterChainProxy.java:215) ~[spring-security-web-5.1.5.RELEASE.jar:5.1.5.RELEASE]
	at org.springframework.security.web.FilterChainProxy.doFilter(FilterChainProxy.java:178) ~[spring-security-web-5.1.5.RELEASE.jar:5.1.5.RELEASE]
	at org.springframework.web.filter.DelegatingFilterProxy.invokeDelegate(DelegatingFilterProxy.java:357) ~[spring-web-5.1.7.RELEASE.jar:5.1.7.RELEASE]
	at org.springframework.web.filter.DelegatingFilterProxy.doFilter(DelegatingFilterProxy.java:270) ~[spring-web-5.1.7.RELEASE.jar:5.1.7.RELEASE]
	at org.apache.catalina.core.ApplicationFilterChain.internalDoFilter(ApplicationFilterChain.java:193) ~[tomcat-embed-core-9.0.19.jar:9.0.19]
	at org.apache.catalina.core.ApplicationFilterChain.doFilter(ApplicationFilterChain.java:166) ~[tomcat-embed-core-9.0.19.jar:9.0.19]
	at org.springframework.web.filter.RequestContextFilter.doFilterInternal(RequestContextFilter.java:99) ~[spring-web-5.1.7.RELEASE.jar:5.1.7.RELEASE]
	at org.springframework.web.filter.OncePerRequestFilter.doFilter(OncePerRequestFilter.java:107) ~[spring-web-5.1.7.RELEASE.jar:5.1.7.RELEASE]
	at org.apache.catalina.core.ApplicationFilterChain.internalDoFilter(ApplicationFilterChain.java:193) ~[tomcat-embed-core-9.0.19.jar:9.0.19]
	at org.apache.catalina.core.ApplicationFilterChain.doFilter(ApplicationFilterChain.java:166) ~[tomcat-embed-core-9.0.19.jar:9.0.19]
	at org.springframework.web.filter.FormContentFilter.doFilterInternal(FormContentFilter.java:92) ~[spring-web-5.1.7.RELEASE.jar:5.1.7.RELEASE]
	at org.springframework.web.filter.OncePerRequestFilter.doFilter(OncePerRequestFilter.java:107) ~[spring-web-5.1.7.RELEASE.jar:5.1.7.RELEASE]
	at org.apache.catalina.core.ApplicationFilterChain.internalDoFilter(ApplicationFilterChain.java:193) ~[tomcat-embed-core-9.0.19.jar:9.0.19]
	at org.apache.catalina.core.ApplicationFilterChain.doFilter(ApplicationFilterChain.java:166) ~[tomcat-embed-core-9.0.19.jar:9.0.19]
	at org.springframework.web.filter.HiddenHttpMethodFilter.doFilterInternal(HiddenHttpMethodFilter.java:93) ~[spring-web-5.1.7.RELEASE.jar:5.1.7.RELEASE]
	at org.springframework.web.filter.OncePerRequestFilter.doFilter(OncePerRequestFilter.java:107) ~[spring-web-5.1.7.RELEASE.jar:5.1.7.RELEASE]
	at org.apache.catalina.core.ApplicationFilterChain.internalDoFilter(ApplicationFilterChain.java:193) ~[tomcat-embed-core-9.0.19.jar:9.0.19]
	at org.apache.catalina.core.ApplicationFilterChain.doFilter(ApplicationFilterChain.java:166) ~[tomcat-embed-core-9.0.19.jar:9.0.19]
	at org.springframework.web.filter.CharacterEncodingFilter.doFilterInternal(CharacterEncodingFilter.java:200) ~[spring-web-5.1.7.RELEASE.jar:5.1.7.RELEASE]
	at org.springframework.web.filter.OncePerRequestFilter.doFilter(OncePerRequestFilter.java:107) ~[spring-web-5.1.7.RELEASE.jar:5.1.7.RELEASE]
	at org.apache.catalina.core.ApplicationFilterChain.internalDoFilter(ApplicationFilterChain.java:193) ~[tomcat-embed-core-9.0.19.jar:9.0.19]
	at org.apache.catalina.core.ApplicationFilterChain.doFilter(ApplicationFilterChain.java:166) ~[tomcat-embed-core-9.0.19.jar:9.0.19]
	at org.apache.catalina.core.StandardWrapperValve.invoke(StandardWrapperValve.java:200) ~[tomcat-embed-core-9.0.19.jar:9.0.19]
	at org.apache.catalina.core.StandardContextValve.invoke(StandardContextValve.java:96) [tomcat-embed-core-9.0.19.jar:9.0.19]
	at org.apache.catalina.authenticator.AuthenticatorBase.invoke(AuthenticatorBase.java:490) [tomcat-embed-core-9.0.19.jar:9.0.19]
	at org.apache.catalina.core.StandardHostValve.invoke(StandardHostValve.java:139) [tomcat-embed-core-9.0.19.jar:9.0.19]
	at org.apache.catalina.valves.ErrorReportValve.invoke(ErrorReportValve.java:92) [tomcat-embed-core-9.0.19.jar:9.0.19]
	at org.apache.catalina.core.StandardEngineValve.invoke(StandardEngineValve.java:74) [tomcat-embed-core-9.0.19.jar:9.0.19]
	at org.apache.catalina.connector.CoyoteAdapter.service(CoyoteAdapter.java:343) [tomcat-embed-core-9.0.19.jar:9.0.19]
	at org.apache.coyote.http11.Http11Processor.service(Http11Processor.java:408) [tomcat-embed-core-9.0.19.jar:9.0.19]
	at org.apache.coyote.AbstractProcessorLight.process(AbstractProcessorLight.java:66) [tomcat-embed-core-9.0.19.jar:9.0.19]
	at org.apache.coyote.AbstractProtocol$ConnectionHandler.process(AbstractProtocol.java:836) [tomcat-embed-core-9.0.19.jar:9.0.19]
	at org.apache.tomcat.util.net.NioEndpoint$SocketProcessor.doRun(NioEndpoint.java:1747) [tomcat-embed-core-9.0.19.jar:9.0.19]
	at org.apache.tomcat.util.net.SocketProcessorBase.run(SocketProcessorBase.java:49) [tomcat-embed-core-9.0.19.jar:9.0.19]
	at java.util.concurrent.ThreadPoolExecutor.runWorker(ThreadPoolExecutor.java:1149) [na:1.8.0_271]
	at java.util.concurrent.ThreadPoolExecutor$Worker.run(ThreadPoolExecutor.java:624) [na:1.8.0_271]
	at org.apache.tomcat.util.threads.TaskThread$WrappingRunnable.run(TaskThread.java:61) [tomcat-embed-core-9.0.19.jar:9.0.19]
	at java.lang.Thread.run(Thread.java:748) [na:1.8.0_271]

2021-06-05 12:31:48.851  WARN 30212 --- [http-nio-8081-exec-5] .w.s.m.s.DefaultHandlerExceptionResolver : Resolved [org.springframework.http.converter.HttpMessageNotReadableException: JSON parse error: Unexpected character ('}' (code 125)): was expecting double-quote to start field name; nested exception is com.fasterxml.jackson.core.JsonParseException: Unexpected character ('}' (code 125)): was expecting double-quote to start field name
 at [Source: (PushbackInputStream); line: 4, column: 2]]
2021-06-05 12:31:53.495 ERROR 30212 --- [http-nio-8081-exec-7] c.e.demo.controllers.UserController      : Password must not be empty, confirmPassword must match and must be a minimum of 8 characters. Cannot create rin
2021-06-05 12:31:59.518  INFO 30212 --- [http-nio-8081-exec-9] c.e.demo.controllers.UserController      : "rin" created successfully
2021-06-05 12:32:18.766  INFO 30212 --- [http-nio-8081-exec-10] c.e.demo.controllers.UserController      : "claire" created successfully
2021-06-05 12:32:31.299  INFO 30212 --- [http-nio-8081-exec-1] c.e.demo.controllers.UserController      : "takanashi" created successfully
2021-06-05 12:32:37.632  INFO 30212 --- [http-nio-8081-exec-2] c.e.demo.controllers.UserController      : "hina" created successfully
2021-06-05 12:32:48.529  INFO 30212 --- [http-nio-8081-exec-3] o.h.h.i.QueryTranslatorFactoryInitiator  : HHH000397: Using ASTQueryTranslatorFactory
2021-06-05 12:33:17.098  INFO 30212 --- [http-nio-8081-exec-4] c.e.demo.controllers.CartController      : Items added to the cart successfully for "rohit"
2021-06-05 12:33:17.116  INFO 30212 --- [http-nio-8081-exec-4] c.e.demo.controllers.CartController      : Cart saved successfully for "rohit"
2021-06-05 12:33:24.686  INFO 30212 --- [http-nio-8081-exec-5] c.e.demo.controllers.CartController      : Items added to the cart successfully for "rohit"
2021-06-05 12:33:24.694  INFO 30212 --- [http-nio-8081-exec-5] c.e.demo.controllers.CartController      : Cart saved successfully for "rohit"
2021-06-05 12:33:53.613  INFO 30212 --- [http-nio-8081-exec-6] c.e.demo.controllers.OrderController     : Order saved successfully for "rohit"
2021-06-05 12:34:42.807  INFO 30212 --- [http-nio-8081-exec-7] c.e.demo.controllers.CartController      : Items added to the cart successfully for "rin"
2021-06-05 12:34:42.810  INFO 30212 --- [http-nio-8081-exec-7] c.e.demo.controllers.CartController      : Cart saved successfully for "rin"
2021-06-05 12:35:17.690  INFO 30212 --- [http-nio-8081-exec-8] c.e.demo.controllers.CartController      : Items added to the cart successfully for "rin"
2021-06-05 12:35:17.693  INFO 30212 --- [http-nio-8081-exec-8] c.e.demo.controllers.CartController      : Cart saved successfully for "rin"
2021-06-05 12:35:29.056 ERROR 30212 --- [http-nio-8081-exec-9] c.e.demo.controllers.CartController      : Cart could not be removed, "Rohit Raj" not found
2021-06-05 12:35:38.444  INFO 30212 --- [http-nio-8081-exec-10] c.e.demo.controllers.CartController      : Items removed from the cart successfully for "rin"
2021-06-05 12:35:38.448  INFO 30212 --- [http-nio-8081-exec-10] c.e.demo.controllers.CartController      : Cart saved successfully for "rin"
2021-06-05 12:35:48.377  INFO 30212 --- [http-nio-8081-exec-1] c.e.demo.controllers.OrderController     : Order saved successfully for "rin"
2021-06-05 12:36:53.265  INFO 30212 --- [http-nio-8081-exec-4] c.e.demo.controllers.CartController      : Items added to the cart successfully for "claire"
2021-06-05 12:36:53.268  INFO 30212 --- [http-nio-8081-exec-4] c.e.demo.controllers.CartController      : Cart saved successfully for "claire"
2021-06-05 12:36:58.791  INFO 30212 --- [http-nio-8081-exec-5] c.e.demo.controllers.CartController      : Items added to the cart successfully for "claire"
2021-06-05 12:36:58.794  INFO 30212 --- [http-nio-8081-exec-5] c.e.demo.controllers.CartController      : Cart saved successfully for "claire"
2021-06-05 12:37:10.116  INFO 30212 --- [http-nio-8081-exec-6] c.e.demo.controllers.CartController      : Items removed from the cart successfully for "claire"
2021-06-05 12:37:10.122  INFO 30212 --- [http-nio-8081-exec-6] c.e.demo.controllers.CartController      : Cart saved successfully for "claire"
2021-06-05 12:37:16.043  INFO 30212 --- [http-nio-8081-exec-7] c.e.demo.controllers.OrderController     : Order saved successfully for "claire"
2021-06-05 12:37:39.441  INFO 30212 --- [http-nio-8081-exec-8] c.e.demo.controllers.CartController      : Items added to the cart successfully for "takanashi"
2021-06-05 12:37:39.443  INFO 30212 --- [http-nio-8081-exec-8] c.e.demo.controllers.CartController      : Cart saved successfully for "takanashi"
2021-06-05 12:37:43.389  INFO 30212 --- [http-nio-8081-exec-9] c.e.demo.controllers.CartController      : Items added to the cart successfully for "takanashi"
2021-06-05 12:37:43.391  INFO 30212 --- [http-nio-8081-exec-9] c.e.demo.controllers.CartController      : Cart saved successfully for "takanashi"
2021-06-05 12:37:48.989 ERROR 30212 --- [http-nio-8081-exec-10] c.e.demo.controllers.OrderController     : Order could not be saved, "takanashia" not found
2021-06-05 12:37:52.429  INFO 30212 --- [http-nio-8081-exec-1] c.e.demo.controllers.OrderController     : Order saved successfully for "takanashi"
2021-06-05 12:38:08.214  INFO 30212 --- [http-nio-8081-exec-2] c.e.demo.controllers.CartController      : Items added to the cart successfully for "hina"
2021-06-05 12:38:08.217  INFO 30212 --- [http-nio-8081-exec-2] c.e.demo.controllers.CartController      : Cart saved successfully for "hina"
2021-06-05 12:38:16.918  INFO 30212 --- [http-nio-8081-exec-3] c.e.demo.controllers.CartController      : Items added to the cart successfully for "hina"
2021-06-05 12:38:16.922  INFO 30212 --- [http-nio-8081-exec-3] c.e.demo.controllers.CartController      : Cart saved successfully for "hina"
2021-06-05 12:38:26.462  INFO 30212 --- [http-nio-8081-exec-4] c.e.demo.controllers.CartController      : Items removed from the cart successfully for "hina"
2021-06-05 12:38:26.466  INFO 30212 --- [http-nio-8081-exec-4] c.e.demo.controllers.CartController      : Cart saved successfully for "hina"
2021-06-05 12:38:30.399  INFO 30212 --- [http-nio-8081-exec-5] c.e.demo.controllers.OrderController     : Order saved successfully for "hina"
2021-06-05 12:40:06.698  INFO 30212 --- [http-nio-8081-exec-8] c.e.demo.controllers.UserController      : "rita" created successfully
2021-06-05 12:40:21.304  INFO 30212 --- [http-nio-8081-exec-9] c.e.demo.controllers.CartController      : Items added to the cart successfully for "rita"
2021-06-05 12:40:21.306  INFO 30212 --- [http-nio-8081-exec-9] c.e.demo.controllers.CartController      : Cart saved successfully for "rita"
2021-06-05 12:40:25.404  INFO 30212 --- [http-nio-8081-exec-10] c.e.demo.controllers.CartController      : Items added to the cart successfully for "rita"
2021-06-05 12:40:25.407  INFO 30212 --- [http-nio-8081-exec-10] c.e.demo.controllers.CartController      : Cart saved successfully for "rita"
2021-06-05 12:40:31.902  INFO 30212 --- [http-nio-8081-exec-1] c.e.demo.controllers.CartController      : Items removed from the cart successfully for "hina"
2021-06-05 12:40:31.905  INFO 30212 --- [http-nio-8081-exec-1] c.e.demo.controllers.CartController      : Cart saved successfully for "hina"
2021-06-05 12:41:10.719  INFO 30212 --- [http-nio-8081-exec-2] c.e.demo.controllers.CartController      : Items removed from the cart successfully for "rita"
2021-06-05 12:41:10.721  INFO 30212 --- [http-nio-8081-exec-2] c.e.demo.controllers.CartController      : Cart saved successfully for "rita"
2021-06-05 12:41:21.060 ERROR 30212 --- [http-nio-8081-exec-3] c.e.demo.controllers.OrderController     : Order could not be saved, "ritaa" not found
2021-06-05 12:41:31.838  INFO 30212 --- [http-nio-8081-exec-4] c.e.demo.controllers.CartController      : Items added to the cart successfully for "rita"
2021-06-05 12:41:31.840  INFO 30212 --- [http-nio-8081-exec-4] c.e.demo.controllers.CartController      : Cart saved successfully for "rita"
2021-06-05 12:41:42.068 ERROR 30212 --- [http-nio-8081-exec-5] c.e.demo.controllers.CartController      : Cart could not be removed, "ritaa" not found
2021-06-05 12:41:46.417  INFO 30212 --- [http-nio-8081-exec-6] c.e.demo.controllers.CartController      : Items removed from the cart successfully for "rita"
2021-06-05 12:41:46.419  INFO 30212 --- [http-nio-8081-exec-6] c.e.demo.controllers.CartController      : Cart saved successfully for "rita"
2021-06-05 12:41:59.702  INFO 30212 --- [http-nio-8081-exec-7] c.e.demo.controllers.OrderController     : Order saved successfully for "rita"
2021-06-05 13:16:18.739  INFO 30212 --- [Thread-23] o.s.s.concurrent.ThreadPoolTaskExecutor  : Shutting down ExecutorService 'applicationTaskExecutor'
2021-06-05 13:16:18.742  INFO 30212 --- [Thread-23] j.LocalContainerEntityManagerFactoryBean : Closing JPA EntityManagerFactory for persistence unit 'default'
2021-06-05 13:16:18.748  INFO 30212 --- [Thread-23] com.zaxxer.hikari.HikariDataSource       : HikariPool-1 - Shutdown initiated...
2021-06-05 13:16:18.752  INFO 30212 --- [Thread-23] com.zaxxer.hikari.HikariDataSource       : HikariPool-1 - Shutdown completed.
